<?xml version="1.0" encoding="UTF-8"?>
<!-- Generated by org.testng.reporters.JUnitReportReporter -->
<testsuite skipped="0" hostname="CSORIA" name="tests.Tests" tests="1" failures="0" timestamp="2021-08-19T10:18:21 CST" time="28.767" errors="0">
  <testcase name="CrearTipoDireccionConInformacionBasica" time="28.767" classname="tests.Tests"/>
  <system-out/>
</testsuite> <!-- tests.Tests -->
